生成启动时间为 2021-07-09 22:56:38。
     1>项目“D:\Zend\workspaces\DefaultWorkspace\2015\WM\smscj\vcsmsdemo\smsdemo\smsdemo.vcxproj”在节点 2 上(rebuild 个目标)。
     1>InitializeBuildStatus:
         正在创建“Debug\smsdemo.unsuccessfulbuild”，因为已指定“AlwaysCreate”。
       ClCompile:
         D:\Program Files (x86)\Microsoft Visual Studio 10.0\VC\bin\CL.exe /c /ZI /nologo /W3 /WX- /Od /Oy- /D WIN32 /D _WINDOWS /D _DEBUG /D _MBCS /D _AFXDLL /Gm /EHsc /RTC1 /MDd /GS /fp:precise /Zc:wchar_t /Zc:forScope /Yc"StdAfx.h" /Fp"Debug\smsdemo.pch" /Fo"Debug\\" /Fd"Debug\vc100.pdb" /Gd /TP /analyze- /errorReport:prompt stdafx.cpp
         stdafx.cpp
         D:\Program Files (x86)\Microsoft Visual Studio 10.0\VC\bin\CL.exe /c /ZI /nologo /W3 /WX- /Od /Oy- /D WIN32 /D _WINDOWS /D _DEBUG /D _MBCS /D _AFXDLL /Gm /EHsc /RTC1 /MDd /GS /fp:precise /Zc:wchar_t /Zc:forScope /Yu"StdAfx.h" /Fp"Debug\smsdemo.pch" /Fo"Debug\\" /Fd"Debug\vc100.pdb" /Gd /TP /analyze- /errorReport:prompt HttpClient.cpp smsdemo.cpp smsdemoDlg.cpp
         smsdemoDlg.cpp
     1>d:\zend\workspaces\defaultworkspace\2015\wm\smscj\vcsmsdemo\smsdemo\smsdemodlg.cpp(116): warning C4996: '_i64toa': This function or variable may be unsafe. Consider using _i64toa_s instead. To disable deprecation, use _CRT_SECURE_NO_WARNINGS. See online help for details.
                 d:\program files (x86)\microsoft visual studio 10.0\vc\include\stdlib.h(453) : 参见“_i64toa”的声明
         smsdemo.cpp
         HttpClient.cpp
     1>d:\zend\workspaces\defaultworkspace\2015\wm\smscj\vcsmsdemo\smsdemo\httpclient.cpp(91): warning C4101: “e”: 未引用的局部变量
         正在生成代码...
       ResourceCompile:
         c:\Program Files (x86)\Microsoft SDKs\Windows\v7.0A\bin\rc.exe /D _DEBUG /D _AFXDLL /l"0x0804" /IDebug\ /nologo /fo"Debug\smsdemo.res" smsdemo.rc 
       ManifestResourceCompile:
         c:\Program Files (x86)\Microsoft SDKs\Windows\v7.0A\bin\rc.exe /nologo /fo"Debug\smsdemo.exe.embed.manifest.res" Debug\smsdemo_manifest.rc 
       Link:
         D:\Program Files (x86)\Microsoft Visual Studio 10.0\VC\bin\link.exe /ERRORREPORT:PROMPT /OUT:"D:\Zend\workspaces\DefaultWorkspace\2015\WM\smscj\vcsmsdemo\Debug\smsdemo.exe" /INCREMENTAL /NOLOGO /MANIFEST /ManifestFile:"Debug\smsdemo.exe.intermediate.manifest" /MANIFESTUAC:"level='asInvoker' uiAccess='false'" /DEBUG /PDB:"D:\Zend\workspaces\DefaultWorkspace\2015\WM\smscj\vcsmsdemo\Debug\smsdemo.pdb" /SUBSYSTEM:WINDOWS /TLBID:1 /DYNAMICBASE /NXCOMPAT /IMPLIB:"D:\Zend\workspaces\DefaultWorkspace\2015\WM\smscj\vcsmsdemo\Debug\smsdemo.lib" /MACHINE:X86 Debug\smsdemo.res
         Debug\smsdemo.exe.embed.manifest.res
         Debug\HttpClient.obj
         Debug\smsdemo.obj
         Debug\smsdemoDlg.obj
         Debug\stdafx.obj
       Manifest:
         正在删除文件“Debug\smsdemo.exe.embed.manifest”。
         c:\Program Files (x86)\Microsoft SDKs\Windows\v7.0A\bin\mt.exe /nologo /verbose /out:"Debug\smsdemo.exe.embed.manifest" /manifest Debug\smsdemo.exe.intermediate.manifest "D:\Program Files (x86)\Microsoft Visual Studio 10.0\VC\Include\Manifest\dpiaware.manifest"
         c:\Program Files (x86)\Microsoft SDKs\Windows\v7.0A\bin\rc.exe /nologo /fo"Debug\smsdemo.exe.embed.manifest.res" Debug\smsdemo_manifest.rc 
       LinkEmbedManifest:
         D:\Program Files (x86)\Microsoft Visual Studio 10.0\VC\bin\link.exe /ERRORREPORT:PROMPT /OUT:"D:\Zend\workspaces\DefaultWorkspace\2015\WM\smscj\vcsmsdemo\Debug\smsdemo.exe" /INCREMENTAL /NOLOGO /MANIFEST /ManifestFile:"Debug\smsdemo.exe.intermediate.manifest" /MANIFESTUAC:"level='asInvoker' uiAccess='false'" /DEBUG /PDB:"D:\Zend\workspaces\DefaultWorkspace\2015\WM\smscj\vcsmsdemo\Debug\smsdemo.pdb" /SUBSYSTEM:WINDOWS /TLBID:1 /DYNAMICBASE /NXCOMPAT /IMPLIB:"D:\Zend\workspaces\DefaultWorkspace\2015\WM\smscj\vcsmsdemo\Debug\smsdemo.lib" /MACHINE:X86 Debug\smsdemo.res
         Debug\smsdemo.exe.embed.manifest.res
         Debug\HttpClient.obj
         Debug\smsdemo.obj
         Debug\smsdemoDlg.obj
         Debug\stdafx.obj
         smsdemo.vcxproj -> D:\Zend\workspaces\DefaultWorkspace\2015\WM\smscj\vcsmsdemo\Debug\smsdemo.exe
       FinalizeBuildStatus:
         正在删除文件“Debug\smsdemo.unsuccessfulbuild”。
         正在对“Debug\smsdemo.lastbuildstate”执行 Touch 任务。
     1>已完成生成项目“D:\Zend\workspaces\DefaultWorkspace\2015\WM\smscj\vcsmsdemo\smsdemo\smsdemo.vcxproj”(rebuild 个目标)的操作。

生成成功。

已用时间 00:00:12.35
